<?xml version="1.0" encoding="UTF-8"?>
<!-- Generated by org.testng.reporters.JUnitXMLReporter -->
<testsuite ignored="1" hostname="DESKTOP-KV5U899" failures="0" tests="1" name="Default test" time="11.358" errors="0" timestamp="2024-11-18T18:52:02 IST">
  <testcase classname="test.SwagLabCartTest" name="VerifyClickOnCartIconCartIsDisplayed" time="0.092"/>
  <testcase classname="test.SwagLabCartTest" name="VerifyIfUserIsAbleToAddProductToCart" time="0.0">
    <ignored/>
  </testcase> <!-- VerifyIfUserIsAbleToAddProductToCart -->
</testsuite> <!-- Default test -->
