<?xml version="1.0" encoding="UTF-8"?>
<testng-results ignored="0" total="1" passed="1" failed="0" skipped="0">
  <reporter-output>
  </reporter-output>
  <suite started-at="2024-11-18T18:51:51 IST" name="Default suite" finished-at="2024-11-18T18:52:02 IST" duration-ms="11358">
    <groups>
    </groups>
    <test started-at="2024-11-18T18:51:51 IST" name="Default test" finished-at="2024-11-18T18:52:02 IST" duration-ms="11358">
      <class name="test.SwagLabCartTest">
        <test-method is-config="true" signature="lunchApplication()[pri:0, instance:test.SwagLabCartTest@4c402120]" started-at="2024-11-18T18:51:51 IST" name="lunchApplication" finished-at="2024-11-18T18:52:02 IST" duration-ms="11230" status="PASS">
          <reporter-output>
          </reporter-output>
        </test-method> <!-- lunchApplication -->
        <test-method signature="VerifyClickOnCartIconCartIsDisplayed()[pri:0, instance:test.SwagLabCartTest@4c402120]" started-at="2024-11-18T18:52:02 IST" name="VerifyClickOnCartIconCartIsDisplayed" finished-at="2024-11-18T18:52:02 IST" duration-ms="92" status="PASS">
          <reporter-output>
          </reporter-output>
        </test-method> <!-- VerifyClickOnCartIconCartIsDisplayed -->
      </class> <!-- test.SwagLabCartTest -->
    </test> <!-- Default test -->
  </suite> <!-- Default suite -->
</testng-results>
